Started GET "/users/213747670/show" for ::1 at 2017-03-29 16:01:31 -0400
  
LoadError (Unable to autoload constant UsersController, expected /Users/flatironschool/Development/projects/twitter-stream-salience/app/controllers/users_controller.rb to define it):
  
activesupport (5.0.2) lib/active_support/dependencies.rb:512:in `load_missing_constant'
activesupport (5.0.2) lib/active_support/dependencies.rb:203:in `const_missing'
activesupport (5.0.2) lib/active_support/inflector/methods.rb:268:in `const_get'
activesupport (5.0.2) lib/active_support/inflector/methods.rb:268:in `block in constantize'
activesupport (5.0.2) lib/active_support/inflector/methods.rb:266:in `each'
activesupport (5.0.2) lib/active_support/inflector/methods.rb:266:in `inject'
activesupport (5.0.2) lib/active_support/inflector/methods.rb:266:in `constantize'
activesupport (5.0.2) lib/active_support/dependencies.rb:583:in `get'
activesupport (5.0.2) lib/active_support/dependencies.rb:614:in `constantize'
actionpack (5.0.2) lib/action_dispatch/http/request.rb:81:in `controller_class'
actionpack (5.0.2) lib/action_dispatch/routing/route_set.rb:44:in `controller'
actionpack (5.0.2) lib/action_dispatch/routing/route_set.rb:30:in `serve'
actionpack (5.0.2) lib/action_dispatch/journey/router.rb:39:in `block in serve'
actionpack (5.0.2) lib/action_dispatch/journey/router.rb:26:in `each'
actionpack (5.0.2) lib/action_dispatch/journey/router.rb:26:in `serve'
actionpack (5.0.2) lib/action_dispatch/routing/route_set.rb:725:in `call'
rack (2.0.1) lib/rack/etag.rb:25:in `call'
rack (2.0.1) lib/rack/conditional_get.rb:25:in `call'
rack (2.0.1) lib/rack/head.rb:12:in `call'
rack (2.0.1) lib/rack/session/abstract/id.rb:222:in `context'
rack (2.0.1) lib/rack/session/abstract/id.rb:216:in `call'
actionpack (5.0.2) lib/action_dispatch/middleware/cookies.rb:613:in `call'
activerecord (5.0.2) lib/active_record/migration.rb:553:in `call'
actionpack (5.0.2) lib/action_dispatch/middleware/callbacks.rb:38:in `block in call'
activesupport (5.0.2) lib/active_support/callbacks.rb:97:in `__run_callbacks__'
activesupport (5.0.2) lib/active_support/callbacks.rb:750:in `_run_call_callbacks'
activesupport (5.0.2) lib/active_support/callbacks.rb:90:in `run_callbacks'
actionpack (5.0.2) lib/action_dispatch/middleware/callbacks.rb:36:in `call'
actionpack (5.0.2) lib/action_dispatch/middleware/executor.rb:12:in `call'
actionpack (5.0.2) lib/action_dispatch/middleware/remote_ip.rb:79:in `call'
actionpack (5.0.2) lib/action_dispatch/middleware/debug_exceptions.rb:49:in `call'
web-console (3.5.0) lib/web_console/middleware.rb:135:in `call_app'
web-console (3.5.0) lib/web_console/middleware.rb:28:in `block in call'
web-console (3.5.0) lib/web_console/middleware.rb:18:in `catch'
web-console (3.5.0) lib/web_console/middleware.rb:18:in `call'
actionpack (5.0.2) lib/action_dispatch/middleware/show_exceptions.rb:31:in `call'
railties (5.0.2) lib/rails/rack/logger.rb:36:in `call_app'
railties (5.0.2) lib/rails/rack/logger.rb:24:in `block in call'
activesupport (5.0.2) lib/active_support/tagged_logging.rb:69:in `block in tagged'
activesupport (5.0.2) lib/active_support/tagged_logging.rb:26:in `tagged'
activesupport (5.0.2) lib/active_support/tagged_logging.rb:69:in `tagged'
railties (5.0.2) lib/rails/rack/logger.rb:24:in `call'
sprockets-rails (3.2.0) lib/sprockets/rails/quiet_assets.rb:13:in `call'
actionpack (5.0.2) lib/action_dispatch/middleware/request_id.rb:24:in `call'
rack (2.0.1) lib/rack/method_override.rb:22:in `call'
rack (2.0.1) lib/rack/runtime.rb:22:in `call'
activesupport (5.0.2) lib/active_support/cache/strategy/local_cache_middleware.rb:28:in `call'
actionpack (5.0.2) lib/action_dispatch/middleware/executor.rb:12:in `call'
actionpack (5.0.2) lib/action_dispatch/middleware/static.rb:136:in `call'
rack (2.0.1) lib/rack/sendfile.rb:111:in `call'
railties (5.0.2) lib/rails/engine.rb:522:in `call'
puma (3.8.2) lib/puma/configuration.rb:224:in `call'
puma (3.8.2) lib/puma/server.rb:600:in `handle_request'
puma (3.8.2) lib/puma/server.rb:435:in `process_client'
puma (3.8.2) lib/puma/server.rb:299:in `block in run'
puma (3.8.2) lib/puma/thread_pool.rb:120:in `block in spawn_thread'
  Rendering /Users/flatironschool/.rvm/gems/ruby-2.3.0/gems/actionpack-5.0.2/lib/action_dispatch/middleware/templates/rescues/diagnostics.html.erb within rescues/layout
  Rendering /Users/flatironschool/.rvm/gems/ruby-2.3.0/gems/actionpack-5.0.2/lib/action_dispatch/middleware/templates/rescues/_source.html.erb
  Rendered /Users/flatironschool/.rvm/gems/ruby-2.3.0/gems/actionpack-5.0.2/lib/action_dispatch/middleware/templates/rescues/_source.html.erb (4.2ms)
  Rendering /Users/flatironschool/.rvm/gems/ruby-2.3.0/gems/actionpack-5.0.2/lib/action_dispatch/middleware/templates/rescues/_trace.html.erb
  Rendered /Users/flatironschool/.rvm/gems/ruby-2.3.0/gems/actionpack-5.0.2/lib/action_dispatch/middleware/templates/rescues/_trace.html.erb (1.8ms)
  Rendering /Users/flatironschool/.rvm/gems/ruby-2.3.0/gems/actionpack-5.0.2/lib/action_dispatch/middleware/templates/rescues/_request_and_response.html.erb
  Rendered /Users/flatironschool/.rvm/gems/ruby-2.3.0/gems/actionpack-5.0.2/lib/action_dispatch/middleware/templates/rescues/_request_and_response.html.erb (27.1ms)
  Rendered /Users/flatironschool/.rvm/gems/ruby-2.3.0/gems/actionpack-5.0.2/lib/action_dispatch/middleware/templates/rescues/diagnostics.html.erb within rescues/layout (167.2ms)
Started GET "/users/213747670/show" for ::1 at 2017-03-29 16:02:16 -0400
Started GET "/users/213747670/show" for ::1 at 2017-03-29 16:02:31 -0400
  
LoadError (Unable to autoload constant UsersController, expected /Users/flatironschool/Development/projects/twitter-stream-salience/app/controllers/users_controller.rb to define it):
  
activesupport (5.0.2) lib/active_support/dependencies.rb:512:in `load_missing_constant'
activesupport (5.0.2) lib/active_support/dependencies.rb:203:in `const_missing'
activesupport (5.0.2) lib/active_support/inflector/methods.rb:268:in `const_get'
activesupport (5.0.2) lib/active_support/inflector/methods.rb:268:in `block in constantize'
activesupport (5.0.2) lib/active_support/inflector/methods.rb:266:in `each'
activesupport (5.0.2) lib/active_support/inflector/methods.rb:266:in `inject'
activesupport (5.0.2) lib/active_support/inflector/methods.rb:266:in `constantize'
activesupport (5.0.2) lib/active_support/dependencies.rb:583:in `get'
activesupport (5.0.2) lib/active_support/dependencies.rb:614:in `constantize'
actionpack (5.0.2) lib/action_dispatch/http/request.rb:81:in `controller_class'
actionpack (5.0.2) lib/action_dispatch/routing/route_set.rb:44:in `controller'
actionpack (5.0.2) lib/action_dispatch/routing/route_set.rb:30:in `serve'
actionpack (5.0.2) lib/action_dispatch/journey/router.rb:39:in `block in serve'
actionpack (5.0.2) lib/action_dispatch/journey/router.rb:26:in `each'
actionpack (5.0.2) lib/action_dispatch/journey/router.rb:26:in `serve'
actionpack (5.0.2) lib/action_dispatch/routing/route_set.rb:725:in `call'
rack (2.0.1) lib/rack/etag.rb:25:in `call'
rack (2.0.1) lib/rack/conditional_get.rb:25:in `call'
rack (2.0.1) lib/rack/head.rb:12:in `call'
rack (2.0.1) lib/rack/session/abstract/id.rb:222:in `context'
rack (2.0.1) lib/rack/session/abstract/id.rb:216:in `call'
actionpack (5.0.2) lib/action_dispatch/middleware/cookies.rb:613:in `call'
activerecord (5.0.2) lib/active_record/migration.rb:553:in `call'
actionpack (5.0.2) lib/action_dispatch/middleware/callbacks.rb:38:in `block in call'
activesupport (5.0.2) lib/active_support/callbacks.rb:97:in `__run_callbacks__'
activesupport (5.0.2) lib/active_support/callbacks.rb:750:in `_run_call_callbacks'
activesupport (5.0.2) lib/active_support/callbacks.rb:90:in `run_callbacks'
actionpack (5.0.2) lib/action_dispatch/middleware/callbacks.rb:36:in `call'
actionpack (5.0.2) lib/action_dispatch/middleware/executor.rb:12:in `call'
actionpack (5.0.2) lib/action_dispatch/middleware/remote_ip.rb:79:in `call'
actionpack (5.0.2) lib/action_dispatch/middleware/debug_exceptions.rb:49:in `call'
web-console (3.5.0) lib/web_console/middleware.rb:135:in `call_app'
web-console (3.5.0) lib/web_console/middleware.rb:28:in `block in call'
web-console (3.5.0) lib/web_console/middleware.rb:18:in `catch'
web-console (3.5.0) lib/web_console/middleware.rb:18:in `call'
actionpack (5.0.2) lib/action_dispatch/middleware/show_exceptions.rb:31:in `call'
railties (5.0.2) lib/rails/rack/logger.rb:36:in `call_app'
railties (5.0.2) lib/rails/rack/logger.rb:24:in `block in call'
activesupport (5.0.2) lib/active_support/tagged_logging.rb:69:in `block in tagged'
activesupport (5.0.2) lib/active_support/tagged_logging.rb:26:in `tagged'
activesupport (5.0.2) lib/active_support/tagged_logging.rb:69:in `tagged'
railties (5.0.2) lib/rails/rack/logger.rb:24:in `call'
sprockets-rails (3.2.0) lib/sprockets/rails/quiet_assets.rb:13:in `call'
actionpack (5.0.2) lib/action_dispatch/middleware/request_id.rb:24:in `call'
rack (2.0.1) lib/rack/method_override.rb:22:in `call'
rack (2.0.1) lib/rack/runtime.rb:22:in `call'
activesupport (5.0.2) lib/active_support/cache/strategy/local_cache_middleware.rb:28:in `call'
actionpack (5.0.2) lib/action_dispatch/middleware/executor.rb:12:in `call'
actionpack (5.0.2) lib/action_dispatch/middleware/static.rb:136:in `call'
rack (2.0.1) lib/rack/sendfile.rb:111:in `call'
railties (5.0.2) lib/rails/engine.rb:522:in `call'
puma (3.8.2) lib/puma/configuration.rb:224:in `call'
puma (3.8.2) lib/puma/server.rb:600:in `handle_request'
puma (3.8.2) lib/puma/server.rb:435:in `process_client'
puma (3.8.2) lib/puma/server.rb:299:in `block in run'
puma (3.8.2) lib/puma/thread_pool.rb:120:in `block in spawn_thread'
  Rendering /Users/flatironschool/.rvm/gems/ruby-2.3.0/gems/actionpack-5.0.2/lib/action_dispatch/middleware/templates/rescues/diagnostics.html.erb within rescues/layout
  Rendering /Users/flatironschool/.rvm/gems/ruby-2.3.0/gems/actionpack-5.0.2/lib/action_dispatch/middleware/templates/rescues/_source.html.erb
  Rendered /Users/flatironschool/.rvm/gems/ruby-2.3.0/gems/actionpack-5.0.2/lib/action_dispatch/middleware/templates/rescues/_source.html.erb (2.6ms)
  Rendering /Users/flatironschool/.rvm/gems/ruby-2.3.0/gems/actionpack-5.0.2/lib/action_dispatch/middleware/templates/rescues/_trace.html.erb
  Rendered /Users/flatironschool/.rvm/gems/ruby-2.3.0/gems/actionpack-5.0.2/lib/action_dispatch/middleware/templates/rescues/_trace.html.erb (1.8ms)
  Rendering /Users/flatironschool/.rvm/gems/ruby-2.3.0/gems/actionpack-5.0.2/lib/action_dispatch/middleware/templates/rescues/_request_and_response.html.erb
  Rendered /Users/flatironschool/.rvm/gems/ruby-2.3.0/gems/actionpack-5.0.2/lib/action_dispatch/middleware/templates/rescues/_request_and_response.html.erb (24.1ms)
  Rendered /Users/flatironschool/.rvm/gems/ruby-2.3.0/gems/actionpack-5.0.2/lib/action_dispatch/middleware/templates/rescues/diagnostics.html.erb within rescues/layout (148.0ms)
Started GET "/users/213747670/show" for ::1 at 2017-03-29 16:03:16 -0400
Started GET "/users/213747670/show" for ::1 at 2017-03-29 16:03:26 -0400
Processing by UsersController#show as HTML
  Parameters: {"id"=>"213747670"}
Completed 500 Internal Server Error in 18933ms (ActiveRecord: 0.0ms)


  
SystemExit (exit):
  
(byebug):1:in `exit'
(byebug):1:in `rescue in process_action'
byebug (9.0.6) lib/byebug/helpers/eval.rb:59:in `eval'
byebug (9.0.6) lib/byebug/helpers/eval.rb:59:in `safe_eval'
byebug (9.0.6) lib/byebug/helpers/eval.rb:53:in `warning_eval'
byebug (9.0.6) lib/byebug/helpers/eval.rb:29:in `block in multiple_thread_eval'
byebug (9.0.6) lib/byebug/helpers/eval.rb:92:in `allowing_other_threads'
byebug (9.0.6) lib/byebug/helpers/eval.rb:29:in `multiple_thread_eval'
byebug (9.0.6) lib/byebug/processors/command_processor.rb:164:in `block in run_cmd'
byebug (9.0.6) lib/byebug/processors/command_processor.rb:169:in `safely'
byebug (9.0.6) lib/byebug/processors/command_processor.rb:160:in `run_cmd'
byebug (9.0.6) lib/byebug/processors/command_processor.rb:134:in `repl'
byebug (9.0.6) lib/byebug/processors/command_processor.rb:98:in `process_commands'
byebug (9.0.6) lib/byebug/processors/command_processor.rb:56:in `at_line'
byebug (9.0.6) lib/byebug/context.rb:96:in `at_line'
actionpack (5.0.2) lib/action_controller/metal/rescue.rb:22:in `rescue in process_action'
actionpack (5.0.2) lib/action_controller/metal/rescue.rb:20:in `process_action'
actionpack (5.0.2) lib/action_controller/metal/instrumentation.rb:32:in `block in process_action'
activesupport (5.0.2) lib/active_support/notifications.rb:164:in `block in instrument'
activesupport (5.0.2) lib/active_support/notifications/instrumenter.rb:21:in `instrument'
activesupport (5.0.2) lib/active_support/notifications.rb:164:in `instrument'
actionpack (5.0.2) lib/action_controller/metal/instrumentation.rb:30:in `process_action'
actionpack (5.0.2) lib/action_controller/metal/params_wrapper.rb:248:in `process_action'
activerecord (5.0.2) lib/active_record/railties/controller_runtime.rb:18:in `process_action'
actionpack (5.0.2) lib/abstract_controller/base.rb:126:in `process'
actionview (5.0.2) lib/action_view/rendering.rb:30:in `process'
actionpack (5.0.2) lib/action_controller/metal.rb:190:in `dispatch'
actionpack (5.0.2) lib/action_controller/metal.rb:262:in `dispatch'
actionpack (5.0.2) lib/action_dispatch/routing/route_set.rb:50:in `dispatch'
actionpack (5.0.2) lib/action_dispatch/routing/route_set.rb:32:in `serve'
actionpack (5.0.2) lib/action_dispatch/journey/router.rb:39:in `block in serve'
actionpack (5.0.2) lib/action_dispatch/journey/router.rb:26:in `each'
actionpack (5.0.2) lib/action_dispatch/journey/router.rb:26:in `serve'
actionpack (5.0.2) lib/action_dispatch/routing/route_set.rb:725:in `call'
rack (2.0.1) lib/rack/etag.rb:25:in `call'
rack (2.0.1) lib/rack/conditional_get.rb:25:in `call'
rack (2.0.1) lib/rack/head.rb:12:in `call'
rack (2.0.1) lib/rack/session/abstract/id.rb:222:in `context'
rack (2.0.1) lib/rack/session/abstract/id.rb:216:in `call'
actionpack (5.0.2) lib/action_dispatch/middleware/cookies.rb:613:in `call'
activerecord (5.0.2) lib/active_record/migration.rb:553:in `call'
actionpack (5.0.2) lib/action_dispatch/middleware/callbacks.rb:38:in `block in call'
activesupport (5.0.2) lib/active_support/callbacks.rb:97:in `__run_callbacks__'
activesupport (5.0.2) lib/active_support/callbacks.rb:750:in `_run_call_callbacks'
activesupport (5.0.2) lib/active_support/callbacks.rb:90:in `run_callbacks'
actionpack (5.0.2) lib/action_dispatch/middleware/callbacks.rb:36:in `call'
actionpack (5.0.2) lib/action_dispatch/middleware/executor.rb:12:in `call'
actionpack (5.0.2) lib/action_dispatch/middleware/remote_ip.rb:79:in `call'
actionpack (5.0.2) lib/action_dispatch/middleware/debug_exceptions.rb:49:in `call'
web-console (3.5.0) lib/web_console/middleware.rb:135:in `call_app'
web-console (3.5.0) lib/web_console/middleware.rb:28:in `block in call'
web-console (3.5.0) lib/web_console/middleware.rb:18:in `catch'
web-console (3.5.0) lib/web_console/middleware.rb:18:in `call'
actionpack (5.0.2) lib/action_dispatch/middleware/show_exceptions.rb:31:in `call'
railties (5.0.2) lib/rails/rack/logger.rb:36:in `call_app'
railties (5.0.2) lib/rails/rack/logger.rb:24:in `block in call'
activesupport (5.0.2) lib/active_support/tagged_logging.rb:69:in `block in tagged'
activesupport (5.0.2) lib/active_support/tagged_logging.rb:26:in `tagged'
activesupport (5.0.2) lib/active_support/tagged_logging.rb:69:in `tagged'
railties (5.0.2) lib/rails/rack/logger.rb:24:in `call'
sprockets-rails (3.2.0) lib/sprockets/rails/quiet_assets.rb:13:in `call'
actionpack (5.0.2) lib/action_dispatch/middleware/request_id.rb:24:in `call'
rack (2.0.1) lib/rack/method_override.rb:22:in `call'
rack (2.0.1) lib/rack/runtime.rb:22:in `call'
activesupport (5.0.2) lib/active_support/cache/strategy/local_cache_middleware.rb:28:in `call'
actionpack (5.0.2) lib/action_dispatch/middleware/executor.rb:12:in `call'
actionpack (5.0.2) lib/action_dispatch/middleware/static.rb:136:in `call'
rack (2.0.1) lib/rack/sendfile.rb:111:in `call'
railties (5.0.2) lib/rails/engine.rb:522:in `call'
puma (3.8.2) lib/puma/configuration.rb:224:in `call'
puma (3.8.2) lib/puma/server.rb:600:in `handle_request'
puma (3.8.2) lib/puma/server.rb:435:in `process_client'
puma (3.8.2) lib/puma/server.rb:299:in `block in run'
puma (3.8.2) lib/puma/thread_pool.rb:120:in `block in spawn_thread'
  Rendering /Users/flatironschool/.rvm/gems/ruby-2.3.0/gems/actionpack-5.0.2/lib/action_dispatch/middleware/templates/rescues/diagnostics.html.erb within rescues/layout
  Rendering /Users/flatironschool/.rvm/gems/ruby-2.3.0/gems/actionpack-5.0.2/lib/action_dispatch/middleware/templates/rescues/_source.html.erb
  Rendered /Users/flatironschool/.rvm/gems/ruby-2.3.0/gems/actionpack-5.0.2/lib/action_dispatch/middleware/templates/rescues/_source.html.erb (146.4ms)
  Rendering /Users/flatironschool/.rvm/gems/ruby-2.3.0/gems/actionpack-5.0.2/lib/action_dispatch/middleware/templates/rescues/_trace.html.erb
  Rendered /Users/flatironschool/.rvm/gems/ruby-2.3.0/gems/actionpack-5.0.2/lib/action_dispatch/middleware/templates/rescues/_trace.html.erb (41.8ms)
  Rendering /Users/flatironschool/.rvm/gems/ruby-2.3.0/gems/actionpack-5.0.2/lib/action_dispatch/middleware/templates/rescues/_request_and_response.html.erb
  Rendered /Users/flatironschool/.rvm/gems/ruby-2.3.0/gems/actionpack-5.0.2/lib/action_dispatch/middleware/templates/rescues/_request_and_response.html.erb (10.4ms)
  Rendered /Users/flatironschool/.rvm/gems/ruby-2.3.0/gems/actionpack-5.0.2/lib/action_dispatch/middleware/templates/rescues/diagnostics.html.erb within rescues/layout (298.6ms)
Processing by UsersController#show as HTML
  Parameters: {"id"=>"213747670"}
Completed 500 Internal Server Error in 1917ms (ActiveRecord: 0.0ms)


  
SystemExit (exit):
  
app/controllers/users_controller.rb:6:in `show'
  Rendering /Users/flatironschool/.rvm/gems/ruby-2.3.0/gems/actionpack-5.0.2/lib/action_dispatch/middleware/templates/rescues/diagnostics.html.erb within rescues/layout
  Rendering /Users/flatironschool/.rvm/gems/ruby-2.3.0/gems/actionpack-5.0.2/lib/action_dispatch/middleware/templates/rescues/_source.html.erb
  Rendered /Users/flatironschool/.rvm/gems/ruby-2.3.0/gems/actionpack-5.0.2/lib/action_dispatch/middleware/templates/rescues/_source.html.erb (151.4ms)
  Rendering /Users/flatironschool/.rvm/gems/ruby-2.3.0/gems/actionpack-5.0.2/lib/action_dispatch/middleware/templates/rescues/_trace.html.erb
  Rendered /Users/flatironschool/.rvm/gems/ruby-2.3.0/gems/actionpack-5.0.2/lib/action_dispatch/middleware/templates/rescues/_trace.html.erb (39.6ms)
  Rendering /Users/flatironschool/.rvm/gems/ruby-2.3.0/gems/actionpack-5.0.2/lib/action_dispatch/middleware/templates/rescues/_request_and_response.html.erb
  Rendered /Users/flatironschool/.rvm/gems/ruby-2.3.0/gems/actionpack-5.0.2/lib/action_dispatch/middleware/templates/rescues/_request_and_response.html.erb (13.3ms)
  Rendered /Users/flatironschool/.rvm/gems/ruby-2.3.0/gems/actionpack-5.0.2/lib/action_dispatch/middleware/templates/rescues/diagnostics.html.erb within rescues/layout (283.7ms)
Started GET "/users/213747670/show" for ::1 at 2017-03-29 16:04:49 -0400
Processing by UsersController#show as HTML
  Parameters: {"id"=>"213747670"}
Completed 500 Internal Server Error in 252ms (ActiveRecord: 0.0ms)


  
NameError (undefined local variable or method `client' for #<UsersController:0x007f95b172e9c8>):
  
app/controllers/users_controller.rb:6:in `show'
  Rendering /Users/flatironschool/.rvm/gems/ruby-2.3.0/gems/actionpack-5.0.2/lib/action_dispatch/middleware/templates/rescues/diagnostics.html.erb within rescues/layout
  Rendering /Users/flatironschool/.rvm/gems/ruby-2.3.0/gems/actionpack-5.0.2/lib/action_dispatch/middleware/templates/rescues/_source.html.erb
  Rendered /Users/flatironschool/.rvm/gems/ruby-2.3.0/gems/actionpack-5.0.2/lib/action_dispatch/middleware/templates/rescues/_source.html.erb (2.8ms)
  Rendering /Users/flatironschool/.rvm/gems/ruby-2.3.0/gems/actionpack-5.0.2/lib/action_dispatch/middleware/templates/rescues/_trace.html.erb
  Rendered /Users/flatironschool/.rvm/gems/ruby-2.3.0/gems/actionpack-5.0.2/lib/action_dispatch/middleware/templates/rescues/_trace.html.erb (1.5ms)
  Rendering /Users/flatironschool/.rvm/gems/ruby-2.3.0/gems/actionpack-5.0.2/lib/action_dispatch/middleware/templates/rescues/_request_and_response.html.erb
  Rendered /Users/flatironschool/.rvm/gems/ruby-2.3.0/gems/actionpack-5.0.2/lib/action_dispatch/middleware/templates/rescues/_request_and_response.html.erb (1.0ms)
  Rendered /Users/flatironschool/.rvm/gems/ruby-2.3.0/gems/actionpack-5.0.2/lib/action_dispatch/middleware/templates/rescues/diagnostics.html.erb within rescues/layout (198.7ms)
Started GET "/users/213747670/show" for ::1 at 2017-03-29 16:06:31 -0400
Processing by UsersController#show as HTML
  Parameters: {"id"=>"213747670"}
Completed 500 Internal Server Error in 9687ms (ActiveRecord: 0.0ms)


  
Twitter::Error::NotFound (User not found.):
  
app/controllers/users_controller.rb:7:in `show'
  Rendering /Users/flatironschool/.rvm/gems/ruby-2.3.0/gems/actionpack-5.0.2/lib/action_dispatch/middleware/templates/rescues/diagnostics.html.erb within rescues/layout
  Rendering /Users/flatironschool/.rvm/gems/ruby-2.3.0/gems/actionpack-5.0.2/lib/action_dispatch/middleware/templates/rescues/_source.html.erb
  Rendered /Users/flatironschool/.rvm/gems/ruby-2.3.0/gems/actionpack-5.0.2/lib/action_dispatch/middleware/templates/rescues/_source.html.erb (4.2ms)
  Rendering /Users/flatironschool/.rvm/gems/ruby-2.3.0/gems/actionpack-5.0.2/lib/action_dispatch/middleware/templates/rescues/_trace.html.erb
  Rendered /Users/flatironschool/.rvm/gems/ruby-2.3.0/gems/actionpack-5.0.2/lib/action_dispatch/middleware/templates/rescues/_trace.html.erb (3.0ms)
  Rendering /Users/flatironschool/.rvm/gems/ruby-2.3.0/gems/actionpack-5.0.2/lib/action_dispatch/middleware/templates/rescues/_request_and_response.html.erb
  Rendered /Users/flatironschool/.rvm/gems/ruby-2.3.0/gems/actionpack-5.0.2/lib/action_dispatch/middleware/templates/rescues/_request_and_response.html.erb (1.3ms)
  Rendered /Users/flatironschool/.rvm/gems/ruby-2.3.0/gems/actionpack-5.0.2/lib/action_dispatch/middleware/templates/rescues/diagnostics.html.erb within rescues/layout (92.0ms)
Started GET "/users/213747670/show" for ::1 at 2017-03-29 16:07:39 -0400
Processing by UsersController#show as HTML
  Parameters: {"id"=>"213747670"}
Completed 500 Internal Server Error in 217ms (ActiveRecord: 0.0ms)


  
NameError (undefined local variable or method `realDonaldTrump' for #<UsersController:0x007f95b7a3dc58>):
  
app/controllers/users_controller.rb:6:in `show'
  Rendering /Users/flatironschool/.rvm/gems/ruby-2.3.0/gems/actionpack-5.0.2/lib/action_dispatch/middleware/templates/rescues/diagnostics.html.erb within rescues/layout
  Rendering /Users/flatironschool/.rvm/gems/ruby-2.3.0/gems/actionpack-5.0.2/lib/action_dispatch/middleware/templates/rescues/_source.html.erb
  Rendered /Users/flatironschool/.rvm/gems/ruby-2.3.0/gems/actionpack-5.0.2/lib/action_dispatch/middleware/templates/rescues/_source.html.erb (5.7ms)
  Rendering /Users/flatironschool/.rvm/gems/ruby-2.3.0/gems/actionpack-5.0.2/lib/action_dispatch/middleware/templates/rescues/_trace.html.erb
  Rendered /Users/flatironschool/.rvm/gems/ruby-2.3.0/gems/actionpack-5.0.2/lib/action_dispatch/middleware/templates/rescues/_trace.html.erb (6.3ms)
  Rendering /Users/flatironschool/.rvm/gems/ruby-2.3.0/gems/actionpack-5.0.2/lib/action_dispatch/middleware/templates/rescues/_request_and_response.html.erb
  Rendered /Users/flatironschool/.rvm/gems/ruby-2.3.0/gems/actionpack-5.0.2/lib/action_dispatch/middleware/templates/rescues/_request_and_response.html.erb (2.1ms)
  Rendered /Users/flatironschool/.rvm/gems/ruby-2.3.0/gems/actionpack-5.0.2/lib/action_dispatch/middleware/templates/rescues/diagnostics.html.erb within rescues/layout (204.1ms)
Started GET "/users/213747670/show" for ::1 at 2017-03-29 16:07:52 -0400
Processing by UsersController#show as HTML
  Parameters: {"id"=>"213747670"}
Completed 406 Not Acceptable in 640ms (ActiveRecord: 0.0ms)


  
ActionController::UnknownFormat (UsersController#show is missing a template for this request format and variant.

request.formats: ["text/html"]
request.variant: []

NOTE! For XHR/Ajax or API requests, this action would normally respond with 204 No Content: an empty white screen. Since you're loading it in a web browser, we assume that you expected to actually render a template, not nothing, so we're showing an error to be extra-clear. If you expect 204 No Content, carry on. That's what you'll get from an XHR or API request. Give it a shot.):
  
actionpack (5.0.2) lib/action_controller/metal/implicit_render.rb:56:in `default_render'
actionpack (5.0.2) lib/action_controller/metal/basic_implicit_render.rb:4:in `block in send_action'
actionpack (5.0.2) lib/action_controller/metal/basic_implicit_render.rb:4:in `tap'
actionpack (5.0.2) lib/action_controller/metal/basic_implicit_render.rb:4:in `send_action'
actionpack (5.0.2) lib/abstract_controller/base.rb:188:in `process_action'
actionpack (5.0.2) lib/action_controller/metal/rendering.rb:30:in `process_action'
actionpack (5.0.2) lib/abstract_controller/callbacks.rb:20:in `block in process_action'
activesupport (5.0.2) lib/active_support/callbacks.rb:126:in `call'
activesupport (5.0.2) lib/active_support/callbacks.rb:506:in `block (2 levels) in compile'
activesupport (5.0.2) lib/active_support/callbacks.rb:455:in `call'
activesupport (5.0.2) lib/active_support/callbacks.rb:101:in `__run_callbacks__'
activesupport (5.0.2) lib/active_support/callbacks.rb:750:in `_run_process_action_callbacks'
activesupport (5.0.2) lib/active_support/callbacks.rb:90:in `run_callbacks'
actionpack (5.0.2) lib/abstract_controller/callbacks.rb:19:in `process_action'
actionpack (5.0.2) lib/action_controller/metal/rescue.rb:20:in `process_action'
actionpack (5.0.2) lib/action_controller/metal/instrumentation.rb:32:in `block in process_action'
activesupport (5.0.2) lib/active_support/notifications.rb:164:in `block in instrument'
activesupport (5.0.2) lib/active_support/notifications/instrumenter.rb:21:in `instrument'
activesupport (5.0.2) lib/active_support/notifications.rb:164:in `instrument'
actionpack (5.0.2) lib/action_controller/metal/instrumentation.rb:30:in `process_action'
actionpack (5.0.2) lib/action_controller/metal/params_wrapper.rb:248:in `process_action'
activerecord (5.0.2) lib/active_record/railties/controller_runtime.rb:18:in `process_action'
actionpack (5.0.2) lib/abstract_controller/base.rb:126:in `process'
actionview (5.0.2) lib/action_view/rendering.rb:30:in `process'
actionpack (5.0.2) lib/action_controller/metal.rb:190:in `dispatch'
actionpack (5.0.2) lib/action_controller/metal.rb:262:in `dispatch'
actionpack (5.0.2) lib/action_dispatch/routing/route_set.rb:50:in `dispatch'
actionpack (5.0.2) lib/action_dispatch/routing/route_set.rb:32:in `serve'
actionpack (5.0.2) lib/action_dispatch/journey/router.rb:39:in `block in serve'
actionpack (5.0.2) lib/action_dispatch/journey/router.rb:26:in `each'
actionpack (5.0.2) lib/action_dispatch/journey/router.rb:26:in `serve'
actionpack (5.0.2) lib/action_dispatch/routing/route_set.rb:725:in `call'
rack (2.0.1) lib/rack/etag.rb:25:in `call'
rack (2.0.1) lib/rack/conditional_get.rb:25:in `call'
rack (2.0.1) lib/rack/head.rb:12:in `call'
rack (2.0.1) lib/rack/session/abstract/id.rb:222:in `context'
rack (2.0.1) lib/rack/session/abstract/id.rb:216:in `call'
actionpack (5.0.2) lib/action_dispatch/middleware/cookies.rb:613:in `call'
activerecord (5.0.2) lib/active_record/migration.rb:553:in `call'
actionpack (5.0.2) lib/action_dispatch/middleware/callbacks.rb:38:in `block in call'
activesupport (5.0.2) lib/active_support/callbacks.rb:97:in `__run_callbacks__'
activesupport (5.0.2) lib/active_support/callbacks.rb:750:in `_run_call_callbacks'
activesupport (5.0.2) lib/active_support/callbacks.rb:90:in `run_callbacks'
actionpack (5.0.2) lib/action_dispatch/middleware/callbacks.rb:36:in `call'
actionpack (5.0.2) lib/action_dispatch/middleware/executor.rb:12:in `call'
actionpack (5.0.2) lib/action_dispatch/middleware/remote_ip.rb:79:in `call'
actionpack (5.0.2) lib/action_dispatch/middleware/debug_exceptions.rb:49:in `call'
web-console (3.5.0) lib/web_console/middleware.rb:135:in `call_app'
web-console (3.5.0) lib/web_console/middleware.rb:28:in `block in call'
web-console (3.5.0) lib/web_console/middleware.rb:18:in `catch'
web-console (3.5.0) lib/web_console/middleware.rb:18:in `call'
actionpack (5.0.2) lib/action_dispatch/middleware/show_exceptions.rb:31:in `call'
railties (5.0.2) lib/rails/rack/logger.rb:36:in `call_app'
railties (5.0.2) lib/rails/rack/logger.rb:24:in `block in call'
activesupport (5.0.2) lib/active_support/tagged_logging.rb:69:in `block in tagged'
activesupport (5.0.2) lib/active_support/tagged_logging.rb:26:in `tagged'
activesupport (5.0.2) lib/active_support/tagged_logging.rb:69:in `tagged'
railties (5.0.2) lib/rails/rack/logger.rb:24:in `call'
sprockets-rails (3.2.0) lib/sprockets/rails/quiet_assets.rb:13:in `call'
actionpack (5.0.2) lib/action_dispatch/middleware/request_id.rb:24:in `call'
rack (2.0.1) lib/rack/method_override.rb:22:in `call'
rack (2.0.1) lib/rack/runtime.rb:22:in `call'
activesupport (5.0.2) lib/active_support/cache/strategy/local_cache_middleware.rb:28:in `call'
actionpack (5.0.2) lib/action_dispatch/middleware/executor.rb:12:in `call'
actionpack (5.0.2) lib/action_dispatch/middleware/static.rb:136:in `call'
rack (2.0.1) lib/rack/sendfile.rb:111:in `call'
railties (5.0.2) lib/rails/engine.rb:522:in `call'
puma (3.8.2) lib/puma/configuration.rb:224:in `call'
puma (3.8.2) lib/puma/server.rb:600:in `handle_request'
puma (3.8.2) lib/puma/server.rb:435:in `process_client'
puma (3.8.2) lib/puma/server.rb:299:in `block in run'
puma (3.8.2) lib/puma/thread_pool.rb:120:in `block in spawn_thread'
  Rendering /Users/flatironschool/.rvm/gems/ruby-2.3.0/gems/actionpack-5.0.2/lib/action_dispatch/middleware/templates/rescues/diagnostics.html.erb within rescues/layout
  Rendering /Users/flatironschool/.rvm/gems/ruby-2.3.0/gems/actionpack-5.0.2/lib/action_dispatch/middleware/templates/rescues/_source.html.erb
  Rendered /Users/flatironschool/.rvm/gems/ruby-2.3.0/gems/actionpack-5.0.2/lib/action_dispatch/middleware/templates/rescues/_source.html.erb (12.9ms)
  Rendering /Users/flatironschool/.rvm/gems/ruby-2.3.0/gems/actionpack-5.0.2/lib/action_dispatch/middleware/templates/rescues/_trace.html.erb
  Rendered /Users/flatironschool/.rvm/gems/ruby-2.3.0/gems/actionpack-5.0.2/lib/action_dispatch/middleware/templates/rescues/_trace.html.erb (4.3ms)
  Rendering /Users/flatironschool/.rvm/gems/ruby-2.3.0/gems/actionpack-5.0.2/lib/action_dispatch/middleware/templates/rescues/_request_and_response.html.erb
  Rendered /Users/flatironschool/.rvm/gems/ruby-2.3.0/gems/actionpack-5.0.2/lib/action_dispatch/middleware/templates/rescues/_request_and_response.html.erb (1.4ms)
  Rendered /Users/flatironschool/.rvm/gems/ruby-2.3.0/gems/actionpack-5.0.2/lib/action_dispatch/middleware/templates/rescues/diagnostics.html.erb within rescues/layout (118.2ms)
Started GET "/users/213747670/show" for ::1 at 2017-03-29 16:08:04 -0400
Processing by UsersController#show as HTML
  Parameters: {"id"=>"213747670"}
Started GET "/users/213747670/show" for ::1 at 2017-03-29 16:21:34 -0400
Processing by UsersController#show as HTML
  Parameters: {"twitter_handle"=>"213747670"}
Completed 500 Internal Server Error in 592ms (ActiveRecord: 0.0ms)


  
NameError (undefined local variable or method `client' for #<UsersController:0x007fe815409980>):
  
app/controllers/users_controller.rb:7:in `show'
  Rendering /Users/flatironschool/.rvm/gems/ruby-2.3.0/gems/actionpack-5.0.2/lib/action_dispatch/middleware/templates/rescues/diagnostics.html.erb within rescues/layout
Started GET "/users/213747670/show" for ::1 at 2017-03-29 16:21:36 -0400
Processing by UsersController#show as HTML
  Parameters: {"twitter_handle"=>"213747670"}
  Rendering /Users/flatironschool/.rvm/gems/ruby-2.3.0/gems/actionpack-5.0.2/lib/action_dispatch/middleware/templates/rescues/_source.html.erb
  Rendered /Users/flatironschool/.rvm/gems/ruby-2.3.0/gems/actionpack-5.0.2/lib/action_dispatch/middleware/templates/rescues/_source.html.erb (2.9ms)
  Rendering /Users/flatironschool/.rvm/gems/ruby-2.3.0/gems/actionpack-5.0.2/lib/action_dispatch/middleware/templates/rescues/_trace.html.erb
  Rendered /Users/flatironschool/.rvm/gems/ruby-2.3.0/gems/actionpack-5.0.2/lib/action_dispatch/middleware/templates/rescues/_trace.html.erb (2.5ms)
  Rendering /Users/flatironschool/.rvm/gems/ruby-2.3.0/gems/actionpack-5.0.2/lib/action_dispatch/middleware/templates/rescues/_request_and_response.html.erb
  Rendered /Users/flatironschool/.rvm/gems/ruby-2.3.0/gems/actionpack-5.0.2/lib/action_dispatch/middleware/templates/rescues/_request_and_response.html.erb (1.9ms)
  Rendered /Users/flatironschool/.rvm/gems/ruby-2.3.0/gems/actionpack-5.0.2/lib/action_dispatch/middleware/templates/rescues/diagnostics.html.erb within rescues/layout (247.9ms)
Completed 500 Internal Server Error in 569ms (ActiveRecord: 0.0ms)


  
NameError (undefined local variable or method `client' for #<UsersController:0x007fe818719ac8>):
  
app/controllers/users_controller.rb:7:in `show'
  Rendering /Users/flatironschool/.rvm/gems/ruby-2.3.0/gems/actionpack-5.0.2/lib/action_dispatch/middleware/templates/rescues/diagnostics.html.erb within rescues/layout
  Rendering /Users/flatironschool/.rvm/gems/ruby-2.3.0/gems/actionpack-5.0.2/lib/action_dispatch/middleware/templates/rescues/_source.html.erb
  Rendered /Users/flatironschool/.rvm/gems/ruby-2.3.0/gems/actionpack-5.0.2/lib/action_dispatch/middleware/templates/rescues/_source.html.erb (13.2ms)
  Rendering /Users/flatironschool/.rvm/gems/ruby-2.3.0/gems/actionpack-5.0.2/lib/action_dispatch/middleware/templates/rescues/_trace.html.erb
  Rendered /Users/flatironschool/.rvm/gems/ruby-2.3.0/gems/actionpack-5.0.2/lib/action_dispatch/middleware/templates/rescues/_trace.html.erb (3.5ms)
  Rendering /Users/flatironschool/.rvm/gems/ruby-2.3.0/gems/actionpack-5.0.2/lib/action_dispatch/middleware/templates/rescues/_request_and_response.html.erb
  Rendered /Users/flatironschool/.rvm/gems/ruby-2.3.0/gems/actionpack-5.0.2/lib/action_dispatch/middleware/templates/rescues/_request_and_response.html.erb (1.3ms)
  Rendered /Users/flatironschool/.rvm/gems/ruby-2.3.0/gems/actionpack-5.0.2/lib/action_dispatch/middleware/templates/rescues/diagnostics.html.erb within rescues/layout (384.3ms)
Started GET "/users/213747670/show" for ::1 at 2017-03-29 16:21:48 -0400
Processing by UsersController#show as HTML
  Parameters: {"twitter_handle"=>"213747670"}
Completed 500 Internal Server Error in 376ms (ActiveRecord: 0.0ms)


  
Twitter::Error::NotFound (Sorry, that page does not exist.):
  
app/controllers/users_controller.rb:7:in `show'
  Rendering /Users/flatironschool/.rvm/gems/ruby-2.3.0/gems/actionpack-5.0.2/lib/action_dispatch/middleware/templates/rescues/diagnostics.html.erb within rescues/layout
  Rendering /Users/flatironschool/.rvm/gems/ruby-2.3.0/gems/actionpack-5.0.2/lib/action_dispatch/middleware/templates/rescues/_source.html.erb
  Rendered /Users/flatironschool/.rvm/gems/ruby-2.3.0/gems/actionpack-5.0.2/lib/action_dispatch/middleware/templates/rescues/_source.html.erb (3.6ms)
  Rendering /Users/flatironschool/.rvm/gems/ruby-2.3.0/gems/actionpack-5.0.2/lib/action_dispatch/middleware/templates/rescues/_trace.html.erb
  Rendered /Users/flatironschool/.rvm/gems/ruby-2.3.0/gems/actionpack-5.0.2/lib/action_dispatch/middleware/templates/rescues/_trace.html.erb (3.0ms)
  Rendering /Users/flatironschool/.rvm/gems/ruby-2.3.0/gems/actionpack-5.0.2/lib/action_dispatch/middleware/templates/rescues/_request_and_response.html.erb
  Rendered /Users/flatironschool/.rvm/gems/ruby-2.3.0/gems/actionpack-5.0.2/lib/action_dispatch/middleware/templates/rescues/_request_and_response.html.erb (1.0ms)
  Rendered /Users/flatironschool/.rvm/gems/ruby-2.3.0/gems/actionpack-5.0.2/lib/action_dispatch/middleware/templates/rescues/diagnostics.html.erb within rescues/layout (69.8ms)
Started GET "/users/213747670/show" for ::1 at 2017-03-29 16:22:19 -0400
Processing by UsersController#show as HTML
  Parameters: {"twitter_handle"=>"213747670"}
Completed 500 Internal Server Error in 617ms (ActiveRecord: 0.0ms)


  
Twitter::Error::NotFound (Sorry, that page does not exist.):
  
app/controllers/users_controller.rb:8:in `show'
  Rendering /Users/flatironschool/.rvm/gems/ruby-2.3.0/gems/actionpack-5.0.2/lib/action_dispatch/middleware/templates/rescues/diagnostics.html.erb within rescues/layout
  Rendering /Users/flatironschool/.rvm/gems/ruby-2.3.0/gems/actionpack-5.0.2/lib/action_dispatch/middleware/templates/rescues/_source.html.erb
  Rendered /Users/flatironschool/.rvm/gems/ruby-2.3.0/gems/actionpack-5.0.2/lib/action_dispatch/middleware/templates/rescues/_source.html.erb (7.8ms)
  Rendering /Users/flatironschool/.rvm/gems/ruby-2.3.0/gems/actionpack-5.0.2/lib/action_dispatch/middleware/templates/rescues/_trace.html.erb
  Rendered /Users/flatironschool/.rvm/gems/ruby-2.3.0/gems/actionpack-5.0.2/lib/action_dispatch/middleware/templates/rescues/_trace.html.erb (1.9ms)
  Rendering /Users/flatironschool/.rvm/gems/ruby-2.3.0/gems/actionpack-5.0.2/lib/action_dispatch/middleware/templates/rescues/_request_and_response.html.erb
  Rendered /Users/flatironschool/.rvm/gems/ruby-2.3.0/gems/actionpack-5.0.2/lib/action_dispatch/middleware/templates/rescues/_request_and_response.html.erb (1.1ms)
  Rendered /Users/flatironschool/.rvm/gems/ruby-2.3.0/gems/actionpack-5.0.2/lib/action_dispatch/middleware/templates/rescues/diagnostics.html.erb within rescues/layout (119.5ms)
Started GET "/users/213747670/show" for ::1 at 2017-03-29 16:22:35 -0400
Processing by UsersController#show as HTML
  Parameters: {"twitter_handle"=>"213747670"}
Completed 406 Not Acceptable in 247094ms (ActiveRecord: 0.0ms)


  
ActionController::UnknownFormat (UsersController#show is missing a template for this request format and variant.

request.formats: ["text/html"]
request.variant: []

NOTE! For XHR/Ajax or API requests, this action would normally respond with 204 No Content: an empty white screen. Since you're loading it in a web browser, we assume that you expected to actually render a template, not nothing, so we're showing an error to be extra-clear. If you expect 204 No Content, carry on. That's what you'll get from an XHR or API request. Give it a shot.):
  
actionpack (5.0.2) lib/action_controller/metal/implicit_render.rb:56:in `default_render'
actionpack (5.0.2) lib/action_controller/metal/basic_implicit_render.rb:4:in `block in send_action'
actionpack (5.0.2) lib/action_controller/metal/basic_implicit_render.rb:4:in `tap'
actionpack (5.0.2) lib/action_controller/metal/basic_implicit_render.rb:4:in `send_action'
actionpack (5.0.2) lib/abstract_controller/base.rb:188:in `process_action'
actionpack (5.0.2) lib/action_controller/metal/rendering.rb:30:in `process_action'
actionpack (5.0.2) lib/abstract_controller/callbacks.rb:20:in `block in process_action'
activesupport (5.0.2) lib/active_support/callbacks.rb:126:in `call'
activesupport (5.0.2) lib/active_support/callbacks.rb:506:in `block (2 levels) in compile'
activesupport (5.0.2) lib/active_support/callbacks.rb:455:in `call'
activesupport (5.0.2) lib/active_support/callbacks.rb:101:in `__run_callbacks__'
activesupport (5.0.2) lib/active_support/callbacks.rb:750:in `_run_process_action_callbacks'
activesupport (5.0.2) lib/active_support/callbacks.rb:90:in `run_callbacks'
actionpack (5.0.2) lib/abstract_controller/callbacks.rb:19:in `process_action'
actionpack (5.0.2) lib/action_controller/metal/rescue.rb:20:in `process_action'
actionpack (5.0.2) lib/action_controller/metal/instrumentation.rb:32:in `block in process_action'
activesupport (5.0.2) lib/active_support/notifications.rb:164:in `block in instrument'
activesupport (5.0.2) lib/active_support/notifications/instrumenter.rb:21:in `instrument'
activesupport (5.0.2) lib/active_support/notifications.rb:164:in `instrument'
actionpack (5.0.2) lib/action_controller/metal/instrumentation.rb:30:in `process_action'
actionpack (5.0.2) lib/action_controller/metal/params_wrapper.rb:248:in `process_action'
activerecord (5.0.2) lib/active_record/railties/controller_runtime.rb:18:in `process_action'
actionpack (5.0.2) lib/abstract_controller/base.rb:126:in `process'
actionview (5.0.2) lib/action_view/rendering.rb:30:in `process'
actionpack (5.0.2) lib/action_controller/metal.rb:190:in `dispatch'
actionpack (5.0.2) lib/action_controller/metal.rb:262:in `dispatch'
actionpack (5.0.2) lib/action_dispatch/routing/route_set.rb:50:in `dispatch'
actionpack (5.0.2) lib/action_dispatch/routing/route_set.rb:32:in `serve'
actionpack (5.0.2) lib/action_dispatch/journey/router.rb:39:in `block in serve'
actionpack (5.0.2) lib/action_dispatch/journey/router.rb:26:in `each'
actionpack (5.0.2) lib/action_dispatch/journey/router.rb:26:in `serve'
actionpack (5.0.2) lib/action_dispatch/routing/route_set.rb:725:in `call'
rack (2.0.1) lib/rack/etag.rb:25:in `call'
rack (2.0.1) lib/rack/conditional_get.rb:25:in `call'
rack (2.0.1) lib/rack/head.rb:12:in `call'
rack (2.0.1) lib/rack/session/abstract/id.rb:222:in `context'
rack (2.0.1) lib/rack/session/abstract/id.rb:216:in `call'
actionpack (5.0.2) lib/action_dispatch/middleware/cookies.rb:613:in `call'
activerecord (5.0.2) lib/active_record/migration.rb:553:in `call'
actionpack (5.0.2) lib/action_dispatch/middleware/callbacks.rb:38:in `block in call'
activesupport (5.0.2) lib/active_support/callbacks.rb:97:in `__run_callbacks__'
activesupport (5.0.2) lib/active_support/callbacks.rb:750:in `_run_call_callbacks'
activesupport (5.0.2) lib/active_support/callbacks.rb:90:in `run_callbacks'
actionpack (5.0.2) lib/action_dispatch/middleware/callbacks.rb:36:in `call'
actionpack (5.0.2) lib/action_dispatch/middleware/executor.rb:12:in `call'
actionpack (5.0.2) lib/action_dispatch/middleware/remote_ip.rb:79:in `call'
actionpack (5.0.2) lib/action_dispatch/middleware/debug_exceptions.rb:49:in `call'
web-console (3.5.0) lib/web_console/middleware.rb:135:in `call_app'
web-console (3.5.0) lib/web_console/middleware.rb:28:in `block in call'
web-console (3.5.0) lib/web_console/middleware.rb:18:in `catch'
web-console (3.5.0) lib/web_console/middleware.rb:18:in `call'
actionpack (5.0.2) lib/action_dispatch/middleware/show_exceptions.rb:31:in `call'
railties (5.0.2) lib/rails/rack/logger.rb:36:in `call_app'
railties (5.0.2) lib/rails/rack/logger.rb:24:in `block in call'
activesupport (5.0.2) lib/active_support/tagged_logging.rb:69:in `block in tagged'
activesupport (5.0.2) lib/active_support/tagged_logging.rb:26:in `tagged'
activesupport (5.0.2) lib/active_support/tagged_logging.rb:69:in `tagged'
railties (5.0.2) lib/rails/rack/logger.rb:24:in `call'
sprockets-rails (3.2.0) lib/sprockets/rails/quiet_assets.rb:13:in `call'
actionpack (5.0.2) lib/action_dispatch/middleware/request_id.rb:24:in `call'
rack (2.0.1) lib/rack/method_override.rb:22:in `call'
rack (2.0.1) lib/rack/runtime.rb:22:in `call'
activesupport (5.0.2) lib/active_support/cache/strategy/local_cache_middleware.rb:28:in `call'
actionpack (5.0.2) lib/action_dispatch/middleware/executor.rb:12:in `call'
actionpack (5.0.2) lib/action_dispatch/middleware/static.rb:136:in `call'
rack (2.0.1) lib/rack/sendfile.rb:111:in `call'
railties (5.0.2) lib/rails/engine.rb:522:in `call'
puma (3.8.2) lib/puma/configuration.rb:224:in `call'
puma (3.8.2) lib/puma/server.rb:600:in `handle_request'
puma (3.8.2) lib/puma/server.rb:435:in `process_client'
puma (3.8.2) lib/puma/server.rb:299:in `block in run'
puma (3.8.2) lib/puma/thread_pool.rb:120:in `block in spawn_thread'
  Rendering /Users/flatironschool/.rvm/gems/ruby-2.3.0/gems/actionpack-5.0.2/lib/action_dispatch/middleware/templates/rescues/diagnostics.html.erb within rescues/layout
  Rendering /Users/flatironschool/.rvm/gems/ruby-2.3.0/gems/actionpack-5.0.2/lib/action_dispatch/middleware/templates/rescues/_source.html.erb
  Rendered /Users/flatironschool/.rvm/gems/ruby-2.3.0/gems/actionpack-5.0.2/lib/action_dispatch/middleware/templates/rescues/_source.html.erb (6.2ms)
  Rendering /Users/flatironschool/.rvm/gems/ruby-2.3.0/gems/actionpack-5.0.2/lib/action_dispatch/middleware/templates/rescues/_trace.html.erb
  Rendered /Users/flatironschool/.rvm/gems/ruby-2.3.0/gems/actionpack-5.0.2/lib/action_dispatch/middleware/templates/rescues/_trace.html.erb (4.6ms)
  Rendering /Users/flatironschool/.rvm/gems/ruby-2.3.0/gems/actionpack-5.0.2/lib/action_dispatch/middleware/templates/rescues/_request_and_response.html.erb
  Rendered /Users/flatironschool/.rvm/gems/ruby-2.3.0/gems/actionpack-5.0.2/lib/action_dispatch/middleware/templates/rescues/_request_and_response.html.erb (1.2ms)
  Rendered /Users/flatironschool/.rvm/gems/ruby-2.3.0/gems/actionpack-5.0.2/lib/action_dispatch/middleware/templates/rescues/diagnostics.html.erb within rescues/layout (94.6ms)
Started GET "/users/213747670/show" for ::1 at 2017-03-29 16:28:47 -0400
Processing by UsersController#show as HTML
  Parameters: {"twitter_handle"=>"213747670"}
Completed 406 Not Acceptable in 33192ms (ActiveRecord: 0.0ms)


  
ActionController::UnknownFormat (UsersController#show is missing a template for this request format and variant.

request.formats: ["text/html"]
request.variant: []

NOTE! For XHR/Ajax or API requests, this action would normally respond with 204 No Content: an empty white screen. Since you're loading it in a web browser, we assume that you expected to actually render a template, not nothing, so we're showing an error to be extra-clear. If you expect 204 No Content, carry on. That's what you'll get from an XHR or API request. Give it a shot.):
  
actionpack (5.0.2) lib/action_controller/metal/implicit_render.rb:56:in `default_render'
actionpack (5.0.2) lib/action_controller/metal/basic_implicit_render.rb:4:in `block in send_action'
actionpack (5.0.2) lib/action_controller/metal/basic_implicit_render.rb:4:in `tap'
actionpack (5.0.2) lib/action_controller/metal/basic_implicit_render.rb:4:in `send_action'
actionpack (5.0.2) lib/abstract_controller/base.rb:188:in `process_action'
actionpack (5.0.2) lib/action_controller/metal/rendering.rb:30:in `process_action'
actionpack (5.0.2) lib/abstract_controller/callbacks.rb:20:in `block in process_action'
activesupport (5.0.2) lib/active_support/callbacks.rb:126:in `call'
activesupport (5.0.2) lib/active_support/callbacks.rb:506:in `block (2 levels) in compile'
activesupport (5.0.2) lib/active_support/callbacks.rb:455:in `call'
activesupport (5.0.2) lib/active_support/callbacks.rb:101:in `__run_callbacks__'
activesupport (5.0.2) lib/active_support/callbacks.rb:750:in `_run_process_action_callbacks'
activesupport (5.0.2) lib/active_support/callbacks.rb:90:in `run_callbacks'
actionpack (5.0.2) lib/abstract_controller/callbacks.rb:19:in `process_action'
actionpack (5.0.2) lib/action_controller/metal/rescue.rb:20:in `process_action'
actionpack (5.0.2) lib/action_controller/metal/instrumentation.rb:32:in `block in process_action'
activesupport (5.0.2) lib/active_support/notifications.rb:164:in `block in instrument'
activesupport (5.0.2) lib/active_support/notifications/instrumenter.rb:21:in `instrument'
activesupport (5.0.2) lib/active_support/notifications.rb:164:in `instrument'
actionpack (5.0.2) lib/action_controller/metal/instrumentation.rb:30:in `process_action'
actionpack (5.0.2) lib/action_controller/metal/params_wrapper.rb:248:in `process_action'
activerecord (5.0.2) lib/active_record/railties/controller_runtime.rb:18:in `process_action'
actionpack (5.0.2) lib/abstract_controller/base.rb:126:in `process'
actionview (5.0.2) lib/action_view/rendering.rb:30:in `process'
actionpack (5.0.2) lib/action_controller/metal.rb:190:in `dispatch'
actionpack (5.0.2) lib/action_controller/metal.rb:262:in `dispatch'
actionpack (5.0.2) lib/action_dispatch/routing/route_set.rb:50:in `dispatch'
actionpack (5.0.2) lib/action_dispatch/routing/route_set.rb:32:in `serve'
actionpack (5.0.2) lib/action_dispatch/journey/router.rb:39:in `block in serve'
actionpack (5.0.2) lib/action_dispatch/journey/router.rb:26:in `each'
actionpack (5.0.2) lib/action_dispatch/journey/router.rb:26:in `serve'
actionpack (5.0.2) lib/action_dispatch/routing/route_set.rb:725:in `call'
rack (2.0.1) lib/rack/etag.rb:25:in `call'
rack (2.0.1) lib/rack/conditional_get.rb:25:in `call'
rack (2.0.1) lib/rack/head.rb:12:in `call'
rack (2.0.1) lib/rack/session/abstract/id.rb:222:in `context'
rack (2.0.1) lib/rack/session/abstract/id.rb:216:in `call'
actionpack (5.0.2) lib/action_dispatch/middleware/cookies.rb:613:in `call'
activerecord (5.0.2) lib/active_record/migration.rb:553:in `call'
actionpack (5.0.2) lib/action_dispatch/middleware/callbacks.rb:38:in `block in call'
activesupport (5.0.2) lib/active_support/callbacks.rb:97:in `__run_callbacks__'
activesupport (5.0.2) lib/active_support/callbacks.rb:750:in `_run_call_callbacks'
activesupport (5.0.2) lib/active_support/callbacks.rb:90:in `run_callbacks'
actionpack (5.0.2) lib/action_dispatch/middleware/callbacks.rb:36:in `call'
actionpack (5.0.2) lib/action_dispatch/middleware/executor.rb:12:in `call'
actionpack (5.0.2) lib/action_dispatch/middleware/remote_ip.rb:79:in `call'
actionpack (5.0.2) lib/action_dispatch/middleware/debug_exceptions.rb:49:in `call'
web-console (3.5.0) lib/web_console/middleware.rb:135:in `call_app'
web-console (3.5.0) lib/web_console/middleware.rb:28:in `block in call'
web-console (3.5.0) lib/web_console/middleware.rb:18:in `catch'
web-console (3.5.0) lib/web_console/middleware.rb:18:in `call'
actionpack (5.0.2) lib/action_dispatch/middleware/show_exceptions.rb:31:in `call'
railties (5.0.2) lib/rails/rack/logger.rb:36:in `call_app'
railties (5.0.2) lib/rails/rack/logger.rb:24:in `block in call'
activesupport (5.0.2) lib/active_support/tagged_logging.rb:69:in `block in tagged'
activesupport (5.0.2) lib/active_support/tagged_logging.rb:26:in `tagged'
activesupport (5.0.2) lib/active_support/tagged_logging.rb:69:in `tagged'
railties (5.0.2) lib/rails/rack/logger.rb:24:in `call'
sprockets-rails (3.2.0) lib/sprockets/rails/quiet_assets.rb:13:in `call'
actionpack (5.0.2) lib/action_dispatch/middleware/request_id.rb:24:in `call'
rack (2.0.1) lib/rack/method_override.rb:22:in `call'
rack (2.0.1) lib/rack/runtime.rb:22:in `call'
activesupport (5.0.2) lib/active_support/cache/strategy/local_cache_middleware.rb:28:in `call'
actionpack (5.0.2) lib/action_dispatch/middleware/executor.rb:12:in `call'
actionpack (5.0.2) lib/action_dispatch/middleware/static.rb:136:in `call'
rack (2.0.1) lib/rack/sendfile.rb:111:in `call'
railties (5.0.2) lib/rails/engine.rb:522:in `call'
puma (3.8.2) lib/puma/configuration.rb:224:in `call'
puma (3.8.2) lib/puma/server.rb:600:in `handle_request'
puma (3.8.2) lib/puma/server.rb:435:in `process_client'
puma (3.8.2) lib/puma/server.rb:299:in `block in run'
puma (3.8.2) lib/puma/thread_pool.rb:120:in `block in spawn_thread'
  Rendering /Users/flatironschool/.rvm/gems/ruby-2.3.0/gems/actionpack-5.0.2/lib/action_dispatch/middleware/templates/rescues/diagnostics.html.erb within rescues/layout
  Rendering /Users/flatironschool/.rvm/gems/ruby-2.3.0/gems/actionpack-5.0.2/lib/action_dispatch/middleware/templates/rescues/_source.html.erb
  Rendered /Users/flatironschool/.rvm/gems/ruby-2.3.0/gems/actionpack-5.0.2/lib/action_dispatch/middleware/templates/rescues/_source.html.erb (3.1ms)
  Rendering /Users/flatironschool/.rvm/gems/ruby-2.3.0/gems/actionpack-5.0.2/lib/action_dispatch/middleware/templates/rescues/_trace.html.erb
  Rendered /Users/flatironschool/.rvm/gems/ruby-2.3.0/gems/actionpack-5.0.2/lib/action_dispatch/middleware/templates/rescues/_trace.html.erb (1.9ms)
  Rendering /Users/flatironschool/.rvm/gems/ruby-2.3.0/gems/actionpack-5.0.2/lib/action_dispatch/middleware/templates/rescues/_request_and_response.html.erb
  Rendered /Users/flatironschool/.rvm/gems/ruby-2.3.0/gems/actionpack-5.0.2/lib/action_dispatch/middleware/templates/rescues/_request_and_response.html.erb (1.0ms)
  Rendered /Users/flatironschool/.rvm/gems/ruby-2.3.0/gems/actionpack-5.0.2/lib/action_dispatch/middleware/templates/rescues/diagnostics.html.erb within rescues/layout (76.4ms)
Started GET "/users/213747670/show" for ::1 at 2017-03-29 16:29:21 -0400
Processing by UsersController#show as HTML
  Parameters: {"twitter_handle"=>"213747670"}
Started GET "/users/realDonaldTrump/show" for ::1 at 2017-03-29 16:29:35 -0400
Completed 500 Internal Server Error in 14193ms (ActiveRecord: 0.0ms)


  
Twitter::Error::NotFound (Sorry, that page does not exist.):
  
app/controllers/users_controller.rb:9:in `show'
  Rendering /Users/flatironschool/.rvm/gems/ruby-2.3.0/gems/actionpack-5.0.2/lib/action_dispatch/middleware/templates/rescues/diagnostics.html.erb within rescues/layout
  Rendering /Users/flatironschool/.rvm/gems/ruby-2.3.0/gems/actionpack-5.0.2/lib/action_dispatch/middleware/templates/rescues/_source.html.erb
  Rendered /Users/flatironschool/.rvm/gems/ruby-2.3.0/gems/actionpack-5.0.2/lib/action_dispatch/middleware/templates/rescues/_source.html.erb (3.9ms)
  Rendering /Users/flatironschool/.rvm/gems/ruby-2.3.0/gems/actionpack-5.0.2/lib/action_dispatch/middleware/templates/rescues/_trace.html.erb
  Rendered /Users/flatironschool/.rvm/gems/ruby-2.3.0/gems/actionpack-5.0.2/lib/action_dispatch/middleware/templates/rescues/_trace.html.erb (1.7ms)
  Rendering /Users/flatironschool/.rvm/gems/ruby-2.3.0/gems/actionpack-5.0.2/lib/action_dispatch/middleware/templates/rescues/_request_and_response.html.erb
  Rendered /Users/flatironschool/.rvm/gems/ruby-2.3.0/gems/actionpack-5.0.2/lib/action_dispatch/middleware/templates/rescues/_request_and_response.html.erb (1.1ms)
  Rendered /Users/flatironschool/.rvm/gems/ruby-2.3.0/gems/actionpack-5.0.2/lib/action_dispatch/middleware/templates/rescues/diagnostics.html.erb within rescues/layout (71.2ms)
Processing by UsersController#show as HTML
  Parameters: {"twitter_handle"=>"realDonaldTrump"}
Completed 406 Not Acceptable in 26788ms (ActiveRecord: 0.0ms)


  
ActionController::UnknownFormat (UsersController#show is missing a template for this request format and variant.

request.formats: ["text/html"]
request.variant: []

NOTE! For XHR/Ajax or API requests, this action would normally respond with 204 No Content: an empty white screen. Since you're loading it in a web browser, we assume that you expected to actually render a template, not nothing, so we're showing an error to be extra-clear. If you expect 204 No Content, carry on. That's what you'll get from an XHR or API request. Give it a shot.):
  
actionpack (5.0.2) lib/action_controller/metal/implicit_render.rb:56:in `default_render'
actionpack (5.0.2) lib/action_controller/metal/basic_implicit_render.rb:4:in `block in send_action'
actionpack (5.0.2) lib/action_controller/metal/basic_implicit_render.rb:4:in `tap'
actionpack (5.0.2) lib/action_controller/metal/basic_implicit_render.rb:4:in `send_action'
actionpack (5.0.2) lib/abstract_controller/base.rb:188:in `process_action'
actionpack (5.0.2) lib/action_controller/metal/rendering.rb:30:in `process_action'
actionpack (5.0.2) lib/abstract_controller/callbacks.rb:20:in `block in process_action'
activesupport (5.0.2) lib/active_support/callbacks.rb:126:in `call'
activesupport (5.0.2) lib/active_support/callbacks.rb:506:in `block (2 levels) in compile'
activesupport (5.0.2) lib/active_support/callbacks.rb:455:in `call'
activesupport (5.0.2) lib/active_support/callbacks.rb:101:in `__run_callbacks__'
activesupport (5.0.2) lib/active_support/callbacks.rb:750:in `_run_process_action_callbacks'
activesupport (5.0.2) lib/active_support/callbacks.rb:90:in `run_callbacks'
actionpack (5.0.2) lib/abstract_controller/callbacks.rb:19:in `process_action'
actionpack (5.0.2) lib/action_controller/metal/rescue.rb:20:in `process_action'
actionpack (5.0.2) lib/action_controller/metal/instrumentation.rb:32:in `block in process_action'
activesupport (5.0.2) lib/active_support/notifications.rb:164:in `block in instrument'
activesupport (5.0.2) lib/active_support/notifications/instrumenter.rb:21:in `instrument'
activesupport (5.0.2) lib/active_support/notifications.rb:164:in `instrument'
actionpack (5.0.2) lib/action_controller/metal/instrumentation.rb:30:in `process_action'
actionpack (5.0.2) lib/action_controller/metal/params_wrapper.rb:248:in `process_action'
activerecord (5.0.2) lib/active_record/railties/controller_runtime.rb:18:in `process_action'
actionpack (5.0.2) lib/abstract_controller/base.rb:126:in `process'
actionview (5.0.2) lib/action_view/rendering.rb:30:in `process'
actionpack (5.0.2) lib/action_controller/metal.rb:190:in `dispatch'
actionpack (5.0.2) lib/action_controller/metal.rb:262:in `dispatch'
actionpack (5.0.2) lib/action_dispatch/routing/route_set.rb:50:in `dispatch'
actionpack (5.0.2) lib/action_dispatch/routing/route_set.rb:32:in `serve'
actionpack (5.0.2) lib/action_dispatch/journey/router.rb:39:in `block in serve'
actionpack (5.0.2) lib/action_dispatch/journey/router.rb:26:in `each'
actionpack (5.0.2) lib/action_dispatch/journey/router.rb:26:in `serve'
actionpack (5.0.2) lib/action_dispatch/routing/route_set.rb:725:in `call'
rack (2.0.1) lib/rack/etag.rb:25:in `call'
rack (2.0.1) lib/rack/conditional_get.rb:25:in `call'
rack (2.0.1) lib/rack/head.rb:12:in `call'
rack (2.0.1) lib/rack/session/abstract/id.rb:222:in `context'
rack (2.0.1) lib/rack/session/abstract/id.rb:216:in `call'
actionpack (5.0.2) lib/action_dispatch/middleware/cookies.rb:613:in `call'
activerecord (5.0.2) lib/active_record/migration.rb:553:in `call'
actionpack (5.0.2) lib/action_dispatch/middleware/callbacks.rb:38:in `block in call'
activesupport (5.0.2) lib/active_support/callbacks.rb:97:in `__run_callbacks__'
activesupport (5.0.2) lib/active_support/callbacks.rb:750:in `_run_call_callbacks'
activesupport (5.0.2) lib/active_support/callbacks.rb:90:in `run_callbacks'
actionpack (5.0.2) lib/action_dispatch/middleware/callbacks.rb:36:in `call'
actionpack (5.0.2) lib/action_dispatch/middleware/executor.rb:12:in `call'
actionpack (5.0.2) lib/action_dispatch/middleware/remote_ip.rb:79:in `call'
actionpack (5.0.2) lib/action_dispatch/middleware/debug_exceptions.rb:49:in `call'
web-console (3.5.0) lib/web_console/middleware.rb:135:in `call_app'
web-console (3.5.0) lib/web_console/middleware.rb:28:in `block in call'
web-console (3.5.0) lib/web_console/middleware.rb:18:in `catch'
web-console (3.5.0) lib/web_console/middleware.rb:18:in `call'
actionpack (5.0.2) lib/action_dispatch/middleware/show_exceptions.rb:31:in `call'
railties (5.0.2) lib/rails/rack/logger.rb:36:in `call_app'
railties (5.0.2) lib/rails/rack/logger.rb:24:in `block in call'
activesupport (5.0.2) lib/active_support/tagged_logging.rb:69:in `block in tagged'
activesupport (5.0.2) lib/active_support/tagged_logging.rb:26:in `tagged'
activesupport (5.0.2) lib/active_support/tagged_logging.rb:69:in `tagged'
railties (5.0.2) lib/rails/rack/logger.rb:24:in `call'
sprockets-rails (3.2.0) lib/sprockets/rails/quiet_assets.rb:13:in `call'
actionpack (5.0.2) lib/action_dispatch/middleware/request_id.rb:24:in `call'
rack (2.0.1) lib/rack/method_override.rb:22:in `call'
rack (2.0.1) lib/rack/runtime.rb:22:in `call'
activesupport (5.0.2) lib/active_support/cache/strategy/local_cache_middleware.rb:28:in `call'
actionpack (5.0.2) lib/action_dispatch/middleware/executor.rb:12:in `call'
actionpack (5.0.2) lib/action_dispatch/middleware/static.rb:136:in `call'
rack (2.0.1) lib/rack/sendfile.rb:111:in `call'
railties (5.0.2) lib/rails/engine.rb:522:in `call'
puma (3.8.2) lib/puma/configuration.rb:224:in `call'
puma (3.8.2) lib/puma/server.rb:600:in `handle_request'
puma (3.8.2) lib/puma/server.rb:435:in `process_client'
puma (3.8.2) lib/puma/server.rb:299:in `block in run'
puma (3.8.2) lib/puma/thread_pool.rb:120:in `block in spawn_thread'
  Rendering /Users/flatironschool/.rvm/gems/ruby-2.3.0/gems/actionpack-5.0.2/lib/action_dispatch/middleware/templates/rescues/diagnostics.html.erb within rescues/layout
  Rendering /Users/flatironschool/.rvm/gems/ruby-2.3.0/gems/actionpack-5.0.2/lib/action_dispatch/middleware/templates/rescues/_source.html.erb
  Rendered /Users/flatironschool/.rvm/gems/ruby-2.3.0/gems/actionpack-5.0.2/lib/action_dispatch/middleware/templates/rescues/_source.html.erb (2.7ms)
  Rendering /Users/flatironschool/.rvm/gems/ruby-2.3.0/gems/actionpack-5.0.2/lib/action_dispatch/middleware/templates/rescues/_trace.html.erb
  Rendered /Users/flatironschool/.rvm/gems/ruby-2.3.0/gems/actionpack-5.0.2/lib/action_dispatch/middleware/templates/rescues/_trace.html.erb (2.4ms)
  Rendering /Users/flatironschool/.rvm/gems/ruby-2.3.0/gems/actionpack-5.0.2/lib/action_dispatch/middleware/templates/rescues/_request_and_response.html.erb
  Rendered /Users/flatironschool/.rvm/gems/ruby-2.3.0/gems/actionpack-5.0.2/lib/action_dispatch/middleware/templates/rescues/_request_and_response.html.erb (0.9ms)
  Rendered /Users/flatironschool/.rvm/gems/ruby-2.3.0/gems/actionpack-5.0.2/lib/action_dispatch/middleware/templates/rescues/diagnostics.html.erb within rescues/layout (67.7ms)
Started GET "/users/realDonaldTrump/show" for ::1 at 2017-03-29 16:30:19 -0400
Processing by UsersController#show as HTML
  Parameters: {"twitter_handle"=>"realDonaldTrump"}
Completed 406 Not Acceptable in 1254631ms (ActiveRecord: 0.0ms)


  
ActionController::UnknownFormat (UsersController#show is missing a template for this request format and variant.

request.formats: ["text/html"]
request.variant: []

NOTE! For XHR/Ajax or API requests, this action would normally respond with 204 No Content: an empty white screen. Since you're loading it in a web browser, we assume that you expected to actually render a template, not nothing, so we're showing an error to be extra-clear. If you expect 204 No Content, carry on. That's what you'll get from an XHR or API request. Give it a shot.):
Started GET "/users/realDonaldTrump/show" for ::1 at 2017-03-29 16:51:13 -0400
  
actionpack (5.0.2) lib/action_controller/metal/implicit_render.rb:56:in `default_render'
actionpack (5.0.2) lib/action_controller/metal/basic_implicit_render.rb:4:in `block in send_action'
actionpack (5.0.2) lib/action_controller/metal/basic_implicit_render.rb:4:in `tap'
actionpack (5.0.2) lib/action_controller/metal/basic_implicit_render.rb:4:in `send_action'
actionpack (5.0.2) lib/abstract_controller/base.rb:188:in `process_action'
actionpack (5.0.2) lib/action_controller/metal/rendering.rb:30:in `process_action'
actionpack (5.0.2) lib/abstract_controller/callbacks.rb:20:in `block in process_action'
activesupport (5.0.2) lib/active_support/callbacks.rb:126:in `call'
activesupport (5.0.2) lib/active_support/callbacks.rb:506:in `block (2 levels) in compile'
activesupport (5.0.2) lib/active_support/callbacks.rb:455:in `call'
activesupport (5.0.2) lib/active_support/callbacks.rb:101:in `__run_callbacks__'
activesupport (5.0.2) lib/active_support/callbacks.rb:750:in `_run_process_action_callbacks'
activesupport (5.0.2) lib/active_support/callbacks.rb:90:in `run_callbacks'
actionpack (5.0.2) lib/abstract_controller/callbacks.rb:19:in `process_action'
actionpack (5.0.2) lib/action_controller/metal/rescue.rb:20:in `process_action'
actionpack (5.0.2) lib/action_controller/metal/instrumentation.rb:32:in `block in process_action'
activesupport (5.0.2) lib/active_support/notifications.rb:164:in `block in instrument'
activesupport (5.0.2) lib/active_support/notifications/instrumenter.rb:21:in `instrument'
activesupport (5.0.2) lib/active_support/notifications.rb:164:in `instrument'
actionpack (5.0.2) lib/action_controller/metal/instrumentation.rb:30:in `process_action'
actionpack (5.0.2) lib/action_controller/metal/params_wrapper.rb:248:in `process_action'
activerecord (5.0.2) lib/active_record/railties/controller_runtime.rb:18:in `process_action'
actionpack (5.0.2) lib/abstract_controller/base.rb:126:in `process'
actionview (5.0.2) lib/action_view/rendering.rb:30:in `process'
actionpack (5.0.2) lib/action_controller/metal.rb:190:in `dispatch'
actionpack (5.0.2) lib/action_controller/metal.rb:262:in `dispatch'
actionpack (5.0.2) lib/action_dispatch/routing/route_set.rb:50:in `dispatch'
actionpack (5.0.2) lib/action_dispatch/routing/route_set.rb:32:in `serve'
actionpack (5.0.2) lib/action_dispatch/journey/router.rb:39:in `block in serve'
actionpack (5.0.2) lib/action_dispatch/journey/router.rb:26:in `each'
actionpack (5.0.2) lib/action_dispatch/journey/router.rb:26:in `serve'
actionpack (5.0.2) lib/action_dispatch/routing/route_set.rb:725:in `call'
rack (2.0.1) lib/rack/etag.rb:25:in `call'
rack (2.0.1) lib/rack/conditional_get.rb:25:in `call'
rack (2.0.1) lib/rack/head.rb:12:in `call'
rack (2.0.1) lib/rack/session/abstract/id.rb:222:in `context'
rack (2.0.1) lib/rack/session/abstract/id.rb:216:in `call'
actionpack (5.0.2) lib/action_dispatch/middleware/cookies.rb:613:in `call'
activerecord (5.0.2) lib/active_record/migration.rb:553:in `call'
actionpack (5.0.2) lib/action_dispatch/middleware/callbacks.rb:38:in `block in call'
activesupport (5.0.2) lib/active_support/callbacks.rb:97:in `__run_callbacks__'
activesupport (5.0.2) lib/active_support/callbacks.rb:750:in `_run_call_callbacks'
activesupport (5.0.2) lib/active_support/callbacks.rb:90:in `run_callbacks'
actionpack (5.0.2) lib/action_dispatch/middleware/callbacks.rb:36:in `call'
actionpack (5.0.2) lib/action_dispatch/middleware/executor.rb:12:in `call'
actionpack (5.0.2) lib/action_dispatch/middleware/remote_ip.rb:79:in `call'
actionpack (5.0.2) lib/action_dispatch/middleware/debug_exceptions.rb:49:in `call'
web-console (3.5.0) lib/web_console/middleware.rb:135:in `call_app'
web-console (3.5.0) lib/web_console/middleware.rb:28:in `block in call'
web-console (3.5.0) lib/web_console/middleware.rb:18:in `catch'
web-console (3.5.0) lib/web_console/middleware.rb:18:in `call'
actionpack (5.0.2) lib/action_dispatch/middleware/show_exceptions.rb:31:in `call'
railties (5.0.2) lib/rails/rack/logger.rb:36:in `call_app'
railties (5.0.2) lib/rails/rack/logger.rb:24:in `block in call'
activesupport (5.0.2) lib/active_support/tagged_logging.rb:69:in `block in tagged'
activesupport (5.0.2) lib/active_support/tagged_logging.rb:26:in `tagged'
activesupport (5.0.2) lib/active_support/tagged_logging.rb:69:in `tagged'
railties (5.0.2) lib/rails/rack/logger.rb:24:in `call'
sprockets-rails (3.2.0) lib/sprockets/rails/quiet_assets.rb:13:in `call'
actionpack (5.0.2) lib/action_dispatch/middleware/request_id.rb:24:in `call'
rack (2.0.1) lib/rack/method_override.rb:22:in `call'
rack (2.0.1) lib/rack/runtime.rb:22:in `call'
activesupport (5.0.2) lib/active_support/cache/strategy/local_cache_middleware.rb:28:in `call'
actionpack (5.0.2) lib/action_dispatch/middleware/executor.rb:12:in `call'
actionpack (5.0.2) lib/action_dispatch/middleware/static.rb:136:in `call'
rack (2.0.1) lib/rack/sendfile.rb:111:in `call'
railties (5.0.2) lib/rails/engine.rb:522:in `call'
puma (3.8.2) lib/puma/configuration.rb:224:in `call'
puma (3.8.2) lib/puma/server.rb:600:in `handle_request'
puma (3.8.2) lib/puma/server.rb:435:in `process_client'
puma (3.8.2) lib/puma/server.rb:299:in `block in run'
puma (3.8.2) lib/puma/thread_pool.rb:120:in `block in spawn_thread'
  Rendering /Users/flatironschool/.rvm/gems/ruby-2.3.0/gems/actionpack-5.0.2/lib/action_dispatch/middleware/templates/rescues/diagnostics.html.erb within rescues/layout
  Rendering /Users/flatironschool/.rvm/gems/ruby-2.3.0/gems/actionpack-5.0.2/lib/action_dispatch/middleware/templates/rescues/_source.html.erb
  Rendered /Users/flatironschool/.rvm/gems/ruby-2.3.0/gems/actionpack-5.0.2/lib/action_dispatch/middleware/templates/rescues/_source.html.erb (5.4ms)
  Rendering /Users/flatironschool/.rvm/gems/ruby-2.3.0/gems/actionpack-5.0.2/lib/action_dispatch/middleware/templates/rescues/_trace.html.erb
  Rendered /Users/flatironschool/.rvm/gems/ruby-2.3.0/gems/actionpack-5.0.2/lib/action_dispatch/middleware/templates/rescues/_trace.html.erb (4.6ms)
  Rendering /Users/flatironschool/.rvm/gems/ruby-2.3.0/gems/actionpack-5.0.2/lib/action_dispatch/middleware/templates/rescues/_request_and_response.html.erb
  Rendered /Users/flatironschool/.rvm/gems/ruby-2.3.0/gems/actionpack-5.0.2/lib/action_dispatch/middleware/templates/rescues/_request_and_response.html.erb (5.5ms)
  Rendered /Users/flatironschool/.rvm/gems/ruby-2.3.0/gems/actionpack-5.0.2/lib/action_dispatch/middleware/templates/rescues/diagnostics.html.erb within rescues/layout (127.7ms)
  
ActionController::RoutingError (No route matches [GET] "/users/realDonaldTrump/show"):
  
actionpack (5.0.2) lib/action_dispatch/middleware/debug_exceptions.rb:53:in `call'
web-console (3.5.0) lib/web_console/middleware.rb:135:in `call_app'
web-console (3.5.0) lib/web_console/middleware.rb:28:in `block in call'
web-console (3.5.0) lib/web_console/middleware.rb:18:in `catch'
web-console (3.5.0) lib/web_console/middleware.rb:18:in `call'
actionpack (5.0.2) lib/action_dispatch/middleware/show_exceptions.rb:31:in `call'
railties (5.0.2) lib/rails/rack/logger.rb:36:in `call_app'
railties (5.0.2) lib/rails/rack/logger.rb:24:in `block in call'
activesupport (5.0.2) lib/active_support/tagged_logging.rb:69:in `block in tagged'
activesupport (5.0.2) lib/active_support/tagged_logging.rb:26:in `tagged'
activesupport (5.0.2) lib/active_support/tagged_logging.rb:69:in `tagged'
railties (5.0.2) lib/rails/rack/logger.rb:24:in `call'
sprockets-rails (3.2.0) lib/sprockets/rails/quiet_assets.rb:13:in `call'
actionpack (5.0.2) lib/action_dispatch/middleware/request_id.rb:24:in `call'
rack (2.0.1) lib/rack/method_override.rb:22:in `call'
rack (2.0.1) lib/rack/runtime.rb:22:in `call'
activesupport (5.0.2) lib/active_support/cache/strategy/local_cache_middleware.rb:28:in `call'
actionpack (5.0.2) lib/action_dispatch/middleware/executor.rb:12:in `call'
actionpack (5.0.2) lib/action_dispatch/middleware/static.rb:136:in `call'
rack (2.0.1) lib/rack/sendfile.rb:111:in `call'
railties (5.0.2) lib/rails/engine.rb:522:in `call'
puma (3.8.2) lib/puma/configuration.rb:224:in `call'
puma (3.8.2) lib/puma/server.rb:600:in `handle_request'
puma (3.8.2) lib/puma/server.rb:435:in `process_client'
puma (3.8.2) lib/puma/server.rb:299:in `block in run'
puma (3.8.2) lib/puma/thread_pool.rb:120:in `block in spawn_thread'
  Rendering /Users/flatironschool/.rvm/gems/ruby-2.3.0/gems/actionpack-5.0.2/lib/action_dispatch/middleware/templates/rescues/routing_error.html.erb within rescues/layout
  Rendering /Users/flatironschool/.rvm/gems/ruby-2.3.0/gems/actionpack-5.0.2/lib/action_dispatch/middleware/templates/rescues/_trace.html.erb
  Rendered /Users/flatironschool/.rvm/gems/ruby-2.3.0/gems/actionpack-5.0.2/lib/action_dispatch/middleware/templates/rescues/_trace.html.erb (1.7ms)
  Rendered collection of /Users/flatironschool/.rvm/gems/ruby-2.3.0/gems/actionpack-5.0.2/lib/action_dispatch/middleware/templates/routes/_route.html.erb [1 times] (20.6ms)
  Rendered /Users/flatironschool/.rvm/gems/ruby-2.3.0/gems/actionpack-5.0.2/lib/action_dispatch/middleware/templates/routes/_table.html.erb (43.7ms)
  Rendering /Users/flatironschool/.rvm/gems/ruby-2.3.0/gems/actionpack-5.0.2/lib/action_dispatch/middleware/templates/rescues/_request_and_response.html.erb
  Rendered /Users/flatironschool/.rvm/gems/ruby-2.3.0/gems/actionpack-5.0.2/lib/action_dispatch/middleware/templates/rescues/_request_and_response.html.erb (4.6ms)
  Rendered /Users/flatironschool/.rvm/gems/ruby-2.3.0/gems/actionpack-5.0.2/lib/action_dispatch/middleware/templates/rescues/routing_error.html.erb within rescues/layout (171.8ms)
Started GET "/users/realDonaldTrump/show" for ::1 at 2017-03-29 16:53:11 -0400
  
ActionController::RoutingError (No route matches [GET] "/users/realDonaldTrump/show"):
  
actionpack (5.0.2) lib/action_dispatch/middleware/debug_exceptions.rb:53:in `call'
web-console (3.5.0) lib/web_console/middleware.rb:135:in `call_app'
web-console (3.5.0) lib/web_console/middleware.rb:28:in `block in call'
web-console (3.5.0) lib/web_console/middleware.rb:18:in `catch'
web-console (3.5.0) lib/web_console/middleware.rb:18:in `call'
actionpack (5.0.2) lib/action_dispatch/middleware/show_exceptions.rb:31:in `call'
railties (5.0.2) lib/rails/rack/logger.rb:36:in `call_app'
railties (5.0.2) lib/rails/rack/logger.rb:24:in `block in call'
activesupport (5.0.2) lib/active_support/tagged_logging.rb:69:in `block in tagged'
activesupport (5.0.2) lib/active_support/tagged_logging.rb:26:in `tagged'
activesupport (5.0.2) lib/active_support/tagged_logging.rb:69:in `tagged'
railties (5.0.2) lib/rails/rack/logger.rb:24:in `call'
sprockets-rails (3.2.0) lib/sprockets/rails/quiet_assets.rb:13:in `call'
actionpack (5.0.2) lib/action_dispatch/middleware/request_id.rb:24:in `call'
rack (2.0.1) lib/rack/method_override.rb:22:in `call'
rack (2.0.1) lib/rack/runtime.rb:22:in `call'
activesupport (5.0.2) lib/active_support/cache/strategy/local_cache_middleware.rb:28:in `call'
actionpack (5.0.2) lib/action_dispatch/middleware/executor.rb:12:in `call'
actionpack (5.0.2) lib/action_dispatch/middleware/static.rb:136:in `call'
rack (2.0.1) lib/rack/sendfile.rb:111:in `call'
railties (5.0.2) lib/rails/engine.rb:522:in `call'
puma (3.8.2) lib/puma/configuration.rb:224:in `call'
puma (3.8.2) lib/puma/server.rb:600:in `handle_request'
puma (3.8.2) lib/puma/server.rb:435:in `process_client'
puma (3.8.2) lib/puma/server.rb:299:in `block in run'
puma (3.8.2) lib/puma/thread_pool.rb:120:in `block in spawn_thread'
  Rendering /Users/flatironschool/.rvm/gems/ruby-2.3.0/gems/actionpack-5.0.2/lib/action_dispatch/middleware/templates/rescues/routing_error.html.erb within rescues/layout
  Rendering /Users/flatironschool/.rvm/gems/ruby-2.3.0/gems/actionpack-5.0.2/lib/action_dispatch/middleware/templates/rescues/_trace.html.erb
  Rendered /Users/flatironschool/.rvm/gems/ruby-2.3.0/gems/actionpack-5.0.2/lib/action_dispatch/middleware/templates/rescues/_trace.html.erb (3.4ms)
  Rendered collection of /Users/flatironschool/.rvm/gems/ruby-2.3.0/gems/actionpack-5.0.2/lib/action_dispatch/middleware/templates/routes/_route.html.erb [1 times] (4.8ms)
  Rendered /Users/flatironschool/.rvm/gems/ruby-2.3.0/gems/actionpack-5.0.2/lib/action_dispatch/middleware/templates/routes/_table.html.erb (28.6ms)
  Rendering /Users/flatironschool/.rvm/gems/ruby-2.3.0/gems/actionpack-5.0.2/lib/action_dispatch/middleware/templates/rescues/_request_and_response.html.erb
  Rendered /Users/flatironschool/.rvm/gems/ruby-2.3.0/gems/actionpack-5.0.2/lib/action_dispatch/middleware/templates/rescues/_request_and_response.html.erb (18.1ms)
  Rendered /Users/flatironschool/.rvm/gems/ruby-2.3.0/gems/actionpack-5.0.2/lib/action_dispatch/middleware/templates/rescues/routing_error.html.erb within rescues/layout (190.2ms)
Started GET "/users/realDonaldTrump/show" for ::1 at 2017-03-29 16:53:24 -0400
  
ActionController::RoutingError (No route matches [GET] "/users/realDonaldTrump/show"):
  
actionpack (5.0.2) lib/action_dispatch/middleware/debug_exceptions.rb:53:in `call'
web-console (3.5.0) lib/web_console/middleware.rb:135:in `call_app'
web-console (3.5.0) lib/web_console/middleware.rb:28:in `block in call'
web-console (3.5.0) lib/web_console/middleware.rb:18:in `catch'
web-console (3.5.0) lib/web_console/middleware.rb:18:in `call'
actionpack (5.0.2) lib/action_dispatch/middleware/show_exceptions.rb:31:in `call'
railties (5.0.2) lib/rails/rack/logger.rb:36:in `call_app'
railties (5.0.2) lib/rails/rack/logger.rb:24:in `block in call'
activesupport (5.0.2) lib/active_support/tagged_logging.rb:69:in `block in tagged'
activesupport (5.0.2) lib/active_support/tagged_logging.rb:26:in `tagged'
activesupport (5.0.2) lib/active_support/tagged_logging.rb:69:in `tagged'
railties (5.0.2) lib/rails/rack/logger.rb:24:in `call'
sprockets-rails (3.2.0) lib/sprockets/rails/quiet_assets.rb:13:in `call'
actionpack (5.0.2) lib/action_dispatch/middleware/request_id.rb:24:in `call'
rack (2.0.1) lib/rack/method_override.rb:22:in `call'
rack (2.0.1) lib/rack/runtime.rb:22:in `call'
activesupport (5.0.2) lib/active_support/cache/strategy/local_cache_middleware.rb:28:in `call'
actionpack (5.0.2) lib/action_dispatch/middleware/executor.rb:12:in `call'
actionpack (5.0.2) lib/action_dispatch/middleware/static.rb:136:in `call'
rack (2.0.1) lib/rack/sendfile.rb:111:in `call'
railties (5.0.2) lib/rails/engine.rb:522:in `call'
puma (3.8.2) lib/puma/configuration.rb:224:in `call'
puma (3.8.2) lib/puma/server.rb:600:in `handle_request'
puma (3.8.2) lib/puma/server.rb:435:in `process_client'
puma (3.8.2) lib/puma/server.rb:299:in `block in run'
puma (3.8.2) lib/puma/thread_pool.rb:120:in `block in spawn_thread'
  Rendering /Users/flatironschool/.rvm/gems/ruby-2.3.0/gems/actionpack-5.0.2/lib/action_dispatch/middleware/templates/rescues/routing_error.html.erb within rescues/layout
  Rendering /Users/flatironschool/.rvm/gems/ruby-2.3.0/gems/actionpack-5.0.2/lib/action_dispatch/middleware/templates/rescues/_trace.html.erb
  Rendered /Users/flatironschool/.rvm/gems/ruby-2.3.0/gems/actionpack-5.0.2/lib/action_dispatch/middleware/templates/rescues/_trace.html.erb (2.0ms)
  Rendered collection of /Users/flatironschool/.rvm/gems/ruby-2.3.0/gems/actionpack-5.0.2/lib/action_dispatch/middleware/templates/routes/_route.html.erb [1 times] (1.5ms)
  Rendered /Users/flatironschool/.rvm/gems/ruby-2.3.0/gems/actionpack-5.0.2/lib/action_dispatch/middleware/templates/routes/_table.html.erb (15.4ms)
  Rendering /Users/flatironschool/.rvm/gems/ruby-2.3.0/gems/actionpack-5.0.2/lib/action_dispatch/middleware/templates/rescues/_request_and_response.html.erb
  Rendered /Users/flatironschool/.rvm/gems/ruby-2.3.0/gems/actionpack-5.0.2/lib/action_dispatch/middleware/templates/rescues/_request_and_response.html.erb (21.0ms)
  Rendered /Users/flatironschool/.rvm/gems/ruby-2.3.0/gems/actionpack-5.0.2/lib/action_dispatch/middleware/templates/rescues/routing_error.html.erb within rescues/layout (168.9ms)
Started GET "/users/realDonaldTrump/get_tweet_text_block" for ::1 at 2017-03-29 16:53:46 -0400
Processing by UsersController#get_tweet_text_block as HTML
  Parameters: {"twitter_handle"=>"realDonaldTrump"}
Completed 500 Internal Server Error in 39547ms (ActiveRecord: 0.0ms)


  
ActionView::MissingTemplate (Missing template "If the people of our great country could only see how viciously and inaccurately my administration is covered by certain media! Remember when the failing @nytimes apologized to its subscribers, right after the election, because their coverage was so wrong. Now worse! Why doesn't Fake News talk about Podesta ties to Russia as covered by @FoxNews or money from Russia to Clinton - sale of  Uranium? A NEW ERA IN AMERICAN ENERGY! \n#MadeInTheUSA\nWatch here: https://t.co/EG02Fdlkba https://t.co/XT12jqoIqj It was an honor to welcome @GLFOP to the @WhiteHouse today with @VP Pence \u0026amp; Attorney General Sessions. THANK YOU fo https://t.co/VHzTB4c69h The failing @NYTimes would do much better if they were honest! \nhttps://t.co/ATy8R3knS2 Watch @foxandfriends now on Podesta and Russia! Big announcement by Ford today. Major investment to be made in three Michigan plants. Car companies coming back to U.S.  JOBS! JOBS! JOBS! The Democrats will make a deal with me on healthcare as soon as ObamaCare folds - not long. Do not worry, we are in very  good shape! The Republican House Freedom Caucus was able to snatch defeat from the jaws of victory. After so many bad years they were ready for a win! ...money to Bill, the Hillary Russian \"reset,\" praise of Russia by Hillary, or Podesta Russian Company. Trump Russia story is a hoax. #MAGA! Why isn't the House Intelligence Committee looking into the Bill \u0026amp; Hillary deal that allowed big Uranium to go to Russia, Russian speech.... General Kelly is doing a great job at the border. Numbers are way down. Many are not even trying to come in anymore. Democrats are smiling in D.C. that the Freedom Caucus, with the help of Club For Growth and Heritage, have saved Planned Parenthood \u0026amp; Ocare! Thanks you for all of the Trump Rallies today. Amazing support. We will all MAKE AMERICA GREAT AGAIN! Watch @JudgeJeanine on @FoxNews tonight at 9:00 P.M. ObamaCare will explode and we will all get together and piece together a great healthcare plan for THE PEOPLE. Do not worry! Happy #MedalOfHonorDay to our heroes! https://t.co/juAB1RmMh0 https://t.co/Sw5ea1OwUf Today, I was thrilled to announce a commitment of $25 BILLION \u0026amp; 20K AMERICAN JOBS over the next 4 years. THANK YOU https://t.co/nWJ1hNmzoR Today, I was pleased to announce the official approval of the presidential permit for the #KeystonePipeline. A grea https://t.co/GWNo2XAueg" with {:locale=>[:en], :formats=>[:html], :variants=>[], :handlers=>[:raw, :erb, :html, :builder, :ruby, :coffee, :jbuilder]}. Searched in:
  * "/Users/flatironschool/Development/projects/twitter-stream-salience/app/views"
):
  
app/controllers/users_controller.rb:11:in `get_tweet_text_block'
  Rendering /Users/flatironschool/.rvm/gems/ruby-2.3.0/gems/actionpack-5.0.2/lib/action_dispatch/middleware/templates/rescues/missing_template.html.erb within rescues/layout
  Rendering /Users/flatironschool/.rvm/gems/ruby-2.3.0/gems/actionpack-5.0.2/lib/action_dispatch/middleware/templates/rescues/_source.html.erb
  Rendered /Users/flatironschool/.rvm/gems/ruby-2.3.0/gems/actionpack-5.0.2/lib/action_dispatch/middleware/templates/rescues/_source.html.erb (3.4ms)
  Rendering /Users/flatironschool/.rvm/gems/ruby-2.3.0/gems/actionpack-5.0.2/lib/action_dispatch/middleware/templates/rescues/_trace.html.erb
  Rendered /Users/flatironschool/.rvm/gems/ruby-2.3.0/gems/actionpack-5.0.2/lib/action_dispatch/middleware/templates/rescues/_trace.html.erb (1.7ms)
  Rendering /Users/flatironschool/.rvm/gems/ruby-2.3.0/gems/actionpack-5.0.2/lib/action_dispatch/middleware/templates/rescues/_request_and_response.html.erb
  Rendered /Users/flatironschool/.rvm/gems/ruby-2.3.0/gems/actionpack-5.0.2/lib/action_dispatch/middleware/templates/rescues/_request_and_response.html.erb (1.2ms)
  Rendered /Users/flatironschool/.rvm/gems/ruby-2.3.0/gems/actionpack-5.0.2/lib/action_dispatch/middleware/templates/rescues/missing_template.html.erb within rescues/layout (76.9ms)
Started GET "/users/realDonaldTrump/get_tweet_text_block" for ::1 at 2017-03-30 10:49:24 -0400
Processing by UsersController#get_tweet_text_block as */*
  Parameters: {"twitter_handle"=>"realDonaldTrump"}
Completed 200 OK in 551ms (Views: 0.8ms | ActiveRecord: 0.0ms)


Started GET "/users/realDonaldTrump/get_tweet_text_block" for ::1 at 2017-03-30 10:55:17 -0400
Processing by UsersController#get_tweet_text_block as */*
  Parameters: {"twitter_handle"=>"realDonaldTrump"}
Completed 200 OK in 774ms (Views: 0.5ms | ActiveRecord: 0.0ms)


Started GET "/users/realDonaldTrump/get_tweet_text_block" for ::1 at 2017-03-30 10:55:22 -0400
Processing by UsersController#get_tweet_text_block as */*
  Parameters: {"twitter_handle"=>"realDonaldTrump"}
Completed 200 OK in 255ms (Views: 0.2ms | ActiveRecord: 0.0ms)


Started GET "/users/realDonaldTrump/get_tweet_text_block" for ::1 at 2017-03-30 10:56:06 -0400
Processing by UsersController#get_tweet_text_block as */*
  Parameters: {"twitter_handle"=>"realDonaldTrump"}
Completed 200 OK in 198ms (Views: 0.1ms | ActiveRecord: 0.0ms)


Started GET "/users/realDonaldTrump/get_tweet_text_block" for ::1 at 2017-03-30 11:02:59 -0400
Processing by UsersController#get_tweet_text_block as */*
  Parameters: {"twitter_handle"=>"realDonaldTrump"}
Completed 200 OK in 737ms (Views: 0.2ms | ActiveRecord: 0.0ms)


